2024-10-02T00:13:18.986-03:00  INFO 1968 --- [backendGrupo6MieMa] [SpringApplicationShutdownHook] j.LocalContainerEntityManagerFactoryBean : Closing JPA EntityManagerFactory for persistence unit 'default'
2024-10-02T00:13:19.753-03:00  INFO 1968 --- [backendGrupo6MieMa] [SpringApplicationShutdownHook] com.zaxxer.hikari.HikariDataSource       : HikariPool-1 - Shutdown initiated...
2024-10-02T00:13:20.593-03:00  INFO 1968 --- [backendGrupo6MieMa] [SpringApplicationShutdownHook] com.zaxxer.hikari.HikariDataSource       : HikariPool-1 - Shutdown completed.
2024-10-02T00:58:06.167-03:00  INFO 7500 --- [backendGrupo6MieMa] [restartedMain] c.u.t.b.BackendGrupo6MieMaApplication    : Starting BackendGrupo6MieMaApplication using Java 22.0.2 with PID 7500 (D:\Documentos\UADE\API\API\backendGrupo6MieMa\target\classes started by Emilio in D:\Documentos\UADE\API\API\backendGrupo6MieMa)
2024-10-02T00:58:06.173-03:00 DEBUG 7500 --- [backendGrupo6MieMa] [restartedMain] c.u.t.b.BackendGrupo6MieMaApplication    : Running with Spring Boot v3.2.5, Spring v6.1.6
2024-10-02T00:58:06.177-03:00  INFO 7500 --- [backendGrupo6MieMa] [restartedMain] c.u.t.b.BackendGrupo6MieMaApplication    : No active profile set, falling back to 1 default profile: "default"
2024-10-02T00:58:06.629-03:00  INFO 7500 --- [backendGrupo6MieMa] [restartedMain] .e.DevToolsPropertyDefaultsPostProcessor : Devtools property defaults active! Set 'spring.devtools.add-properties' to 'false' to disable
2024-10-02T00:58:06.631-03:00  INFO 7500 --- [backendGrupo6MieMa] [restartedMain] .e.DevToolsPropertyDefaultsPostProcessor : For additional web related logging consider setting the 'logging.level.web' property to 'DEBUG'
2024-10-02T00:58:13.973-03:00  INFO 7500 --- [backendGrupo6MieMa] [restartedMain] .s.d.r.c.RepositoryConfigurationDelegate : Bootstrapping Spring Data JPA repositories in DEFAULT mode.
2024-10-02T00:58:14.428-03:00  INFO 7500 --- [backendGrupo6MieMa] [restartedMain] .s.d.r.c.RepositoryConfigurationDelegate : Finished Spring Data repository scanning in 429 ms. Found 6 JPA repository interfaces.
2024-10-02T00:58:20.480-03:00  INFO 7500 --- [backendGrupo6MieMa] [restartedMain] o.s.b.w.embedded.tomcat.TomcatWebServer  : Tomcat initialized with port 4002 (http)
2024-10-02T00:58:20.520-03:00  INFO 7500 --- [backendGrupo6MieMa] [restartedMain] o.apache.catalina.core.StandardService   : Starting service [Tomcat]
2024-10-02T00:58:20.521-03:00  INFO 7500 --- [backendGrupo6MieMa] [restartedMain] o.apache.catalina.core.StandardEngine    : Starting Servlet engine: [Apache Tomcat/10.1.20]
2024-10-02T00:58:21.067-03:00  INFO 7500 --- [backendGrupo6MieMa] [restartedMain] o.a.c.c.C.[Tomcat].[localhost].[/]       : Initializing Spring embedded WebApplicationContext
2024-10-02T00:58:21.072-03:00  INFO 7500 --- [backendGrupo6MieMa] [restartedMain] w.s.c.ServletWebServerApplicationContext : Root WebApplicationContext: initialization completed in 14439 ms
2024-10-02T00:58:24.828-03:00  INFO 7500 --- [backendGrupo6MieMa] [restartedMain] o.hibernate.jpa.internal.util.LogHelper  : HHH000204: Processing PersistenceUnitInfo [name: default]
2024-10-02T00:58:25.217-03:00  INFO 7500 --- [backendGrupo6MieMa] [restartedMain] org.hibernate.Version                    : HHH000412: Hibernate ORM core version 6.4.4.Final
2024-10-02T00:58:25.353-03:00  INFO 7500 --- [backendGrupo6MieMa] [restartedMain] o.h.c.internal.RegionFactoryInitiator    : HHH000026: Second-level cache disabled
2024-10-02T00:58:26.310-03:00  INFO 7500 --- [backendGrupo6MieMa] [restartedMain] o.s.o.j.p.SpringPersistenceUnitInfo      : No LoadTimeWeaver setup: ignoring JPA class transformer
2024-10-02T00:58:26.694-03:00  INFO 7500 --- [backendGrupo6MieMa] [restartedMain] com.zaxxer.hikari.HikariDataSource       : HikariPool-1 - Starting...
2024-10-02T00:58:28.055-03:00  INFO 7500 --- [backendGrupo6MieMa] [restartedMain] com.zaxxer.hikari.pool.HikariPool        : HikariPool-1 - Added connection com.mysql.cj.jdbc.ConnectionImpl@5acde188
2024-10-02T00:58:28.062-03:00  INFO 7500 --- [backendGrupo6MieMa] [restartedMain] com.zaxxer.hikari.HikariDataSource       : HikariPool-1 - Start completed.
2024-10-02T00:58:28.473-03:00  WARN 7500 --- [backendGrupo6MieMa] [restartedMain] org.hibernate.orm.deprecation            : HHH90000025: MySQLDialect does not need to be specified explicitly using 'hibernate.dialect' (remove the property setting and it will be selected by default)
2024-10-02T00:58:32.976-03:00  INFO 7500 --- [backendGrupo6MieMa] [restartedMain] o.h.e.t.j.p.i.JtaPlatformInitiator       : HHH000489: No JTA platform available (set 'hibernate.transaction.jta.platform' to enable JTA platform integration)
2024-10-02T00:58:34.667-03:00  INFO 7500 --- [backendGrupo6MieMa] [restartedMain] j.LocalContainerEntityManagerFactoryBean : Initialized JPA EntityManagerFactory for persistence unit 'default'
2024-10-02T00:58:36.547-03:00  INFO 7500 --- [backendGrupo6MieMa] [restartedMain] o.s.d.j.r.query.QueryEnhancerFactory     : Hibernate is in classpath; If applicable, HQL parser will be used.
2024-10-02T00:58:38.760-03:00 DEBUG 7500 --- [backendGrupo6MieMa] [restartedMain] c.u.t.b.c.c.JwtAuthenticationFilter      : Filter 'jwtAuthenticationFilter' configured for use
2024-10-02T00:58:39.609-03:00  INFO 7500 --- [backendGrupo6MieMa] [restartedMain] eAuthenticationProviderManagerConfigurer : Found 2 AuthenticationProvider beans, with names [authenticationProvider, daoAuthenticationProvider]. Global Authentication Manager will not be configured with AuthenticationProviders. Consider publishing a single AuthenticationProvider bean, or wiring your Providers directly using the DSL.
2024-10-02T00:58:39.612-03:00  INFO 7500 --- [backendGrupo6MieMa] [restartedMain] r$InitializeUserDetailsManagerConfigurer : Global AuthenticationManager configured with UserDetailsService bean with name userDetailsService
2024-10-02T00:58:44.809-03:00  INFO 7500 --- [backendGrupo6MieMa] [restartedMain] o.s.b.a.e.web.EndpointLinksResolver      : Exposing 1 endpoint(s) beneath base path '/actuator'
2024-10-02T00:58:45.127-03:00  INFO 7500 --- [backendGrupo6MieMa] [restartedMain] o.s.s.web.DefaultSecurityFilterChain     : Will secure any request with [org.springframework.security.web.session.DisableEncodeUrlFilter@6e157480, org.springframework.security.web.context.request.async.WebAsyncManagerIntegrationFilter@1fca068f, org.springframework.security.web.context.SecurityContextHolderFilter@500e0a88, org.springframework.security.web.header.HeaderWriterFilter@4816840f, org.springframework.web.filter.CorsFilter@1466db16, org.springframework.security.web.authentication.logout.LogoutFilter@3d1fb015, com.uade.tpo.backendGrupo6MieMa.controllers.config.JwtAuthenticationFilter@3f4d34ae, org.springframework.security.web.savedrequest.RequestCacheAwareFilter@5dc3c158, org.springframework.security.web.servletapi.SecurityContextHolderAwareRequestFilter@68482472, org.springframework.security.web.authentication.AnonymousAuthenticationFilter@2eca971a, org.springframework.security.web.session.SessionManagementFilter@6ca1d1b7, org.springframework.security.web.access.ExceptionTranslationFilter@41ad3752, org.springframework.security.web.access.intercept.AuthorizationFilter@68638ad8]
2024-10-02T00:58:47.837-03:00  INFO 7500 --- [backendGrupo6MieMa] [restartedMain] o.s.b.d.a.OptionalLiveReloadServer       : LiveReload server is running on port 35729
2024-10-02T00:58:48.616-03:00  INFO 7500 --- [backendGrupo6MieMa] [restartedMain] o.s.b.w.embedded.tomcat.TomcatWebServer  : Tomcat started on port 4002 (http) with context path ''
2024-10-02T00:58:48.668-03:00  INFO 7500 --- [backendGrupo6MieMa] [restartedMain] c.u.t.b.BackendGrupo6MieMaApplication    : Started BackendGrupo6MieMaApplication in 45.009 seconds (process running for 49.003)
2024-10-02T01:06:19.127-03:00  INFO 7500 --- [backendGrupo6MieMa] [SpringApplicationShutdownHook] j.LocalContainerEntityManagerFactoryBean : Closing JPA EntityManagerFactory for persistence unit 'default'
2024-10-02T01:06:19.195-03:00  INFO 7500 --- [backendGrupo6MieMa] [SpringApplicationShutdownHook] com.zaxxer.hikari.HikariDataSource       : HikariPool-1 - Shutdown initiated...
2024-10-02T01:06:19.278-03:00  INFO 7500 --- [backendGrupo6MieMa] [SpringApplicationShutdownHook] com.zaxxer.hikari.HikariDataSource       : HikariPool-1 - Shutdown completed.
